<?xml version="1.0" encoding="UTF-8"?>
<testsuite name="Day1Test" tests="1" skipped="0" failures="0" errors="0" timestamp="2021-12-01T14:33:48" hostname="landry-hp-spectre" time="0.036">
  <properties/>
  <testcase name="testDay1" classname="Day1Test" time="0.036"/>
  <system-out><![CDATA[]]></system-out>
  <system-err><![CDATA[]]></system-err>
</testsuite>
